21-Jun-2024 22:40:46.107 INFO [main] org.apache.catalina.core.ApplicationContext.log ContextListener: contextInitialized()
21-Jun-2024 22:40:46.107 INFO [main] org.apache.catalina.core.ApplicationContext.log SessionListener: contextInitialized()
21-Jun-2024 22:40:46.108 INFO [main] org.apache.catalina.core.ApplicationContext.log ContextListener: attributeAdded('StockTicker', 'async.Stockticker@54361a9')
21-Jun-2024 23:38:19.243 INFO [main] org.apache.catalina.core.ApplicationContext.log ContextListener: contextInitialized()
21-Jun-2024 23:38:19.244 INFO [main] org.apache.catalina.core.ApplicationContext.log SessionListener: contextInitialized()
21-Jun-2024 23:38:19.244 INFO [main] org.apache.catalina.core.ApplicationContext.log ContextListener: attributeAdded('StockTicker', 'async.Stockticker@61861a29')
21-Jun-2024 23:38:19.270 INFO [main] org.apache.catalina.core.ApplicationContext.log SessionListener: contextDestroyed()
21-Jun-2024 23:38:19.270 INFO [main] org.apache.catalina.core.ApplicationContext.log ContextListener: contextDestroyed()
21-Jun-2024 23:43:08.500 INFO [main] org.apache.catalina.core.ApplicationContext.log ContextListener: contextInitialized()
21-Jun-2024 23:43:08.500 INFO [main] org.apache.catalina.core.ApplicationContext.log SessionListener: contextInitialized()
21-Jun-2024 23:43:08.501 INFO [main] org.apache.catalina.core.ApplicationContext.log ContextListener: attributeAdded('StockTicker', 'async.Stockticker@5217f3d0')
21-Jun-2024 23:43:08.529 INFO [main] org.apache.catalina.core.ApplicationContext.log SessionListener: contextDestroyed()
21-Jun-2024 23:43:08.529 INFO [main] org.apache.catalina.core.ApplicationContext.log ContextListener: contextDestroyed()
21-Jun-2024 23:43:09.683 INFO [main] org.apache.catalina.core.ApplicationContext.log ContextListener: contextInitialized()
21-Jun-2024 23:43:09.683 INFO [main] org.apache.catalina.core.ApplicationContext.log SessionListener: contextInitialized()
21-Jun-2024 23:43:09.683 INFO [main] org.apache.catalina.core.ApplicationContext.log ContextListener: attributeAdded('StockTicker', 'async.Stockticker@664a9613')
21-Jun-2024 23:43:09.711 INFO [main] org.apache.catalina.core.ApplicationContext.log SessionListener: contextDestroyed()
21-Jun-2024 23:43:09.711 INFO [main] org.apache.catalina.core.ApplicationContext.log ContextListener: contextDestroyed()
21-Jun-2024 23:43:16.131 INFO [main] org.apache.catalina.core.ApplicationContext.log SessionListener: contextDestroyed()
21-Jun-2024 23:43:16.131 INFO [main] org.apache.catalina.core.ApplicationContext.log ContextListener: contextDestroyed()
21-Jun-2024 23:43:19.435 INFO [main] org.apache.catalina.core.ApplicationContext.log ContextListener: contextInitialized()
21-Jun-2024 23:43:19.435 INFO [main] org.apache.catalina.core.ApplicationContext.log SessionListener: contextInitialized()
21-Jun-2024 23:43:19.435 INFO [main] org.apache.catalina.core.ApplicationContext.log ContextListener: attributeAdded('StockTicker', 'async.Stockticker@314b8f2d')
21-Jun-2024 23:44:06.685 INFO [main] org.apache.catalina.core.ApplicationContext.log SessionListener: contextDestroyed()
21-Jun-2024 23:44:06.685 INFO [main] org.apache.catalina.core.ApplicationContext.log ContextListener: contextDestroyed()
